This is pdfTeXk, Version 3.141592-1.40.3 (Web2C 7.5.6) (format=pdflatex 2008.4.28)  2 NOV 2009 11:46
entering extended mode
\write18 enabled.
 %&-line parsing enabled.
**PFJetCompositionAndCalibration.tex
(./PFJetCompositionAndCalibration.tex
LaTeX2e <2005/12/01>
Babel <v3.8h> and hyphenation patterns for english, usenglishmax, dumylang, noh
yphenation, arabic, basque, bulgarian, coptic, welsh, czech, slovak, german, ng
erman, danish, esperanto, spanish, catalan, galician, estonian, farsi, finnish,
 french, greek, monogreek, ancientgreek, croatian, hungarian, interlingua, ibyc
us, indonesian, icelandic, italian, latin, mongolian, dutch, norsk, polish, por
tuguese, pinyin, romanian, russian, slovenian, uppersorbian, serbian, swedish, 
turkish, ukenglish, ukrainian, loaded.
(./cmspaper.cls
CMS paper style Version <0.4>, <25 Nov. 1996>
based on Document Style 'CERNART' Version <2.1>, <1 May 1995>
Document Class: cmspaper 1996/11/25
(/usr/local/texlive/2007/texmf-dist/tex/latex/base/article.cls
Document Class: article 2005/09/16 v1.4f Standard LaTeX document class
(/usr/local/texlive/2007/texmf-dist/tex/latex/base/size10.clo
File: size10.clo 2005/09/16 v1.4f Standard LaTeX file (size option)
)
\c@part=\count79
\c@section=\count80
\c@subsection=\count81
\c@subsubsection=\count82
\c@paragraph=\count83
\c@subparagraph=\count84
\c@figure=\count85
\c@table=\count86
\abovecaptionskip=\skip41
\belowcaptionskip=\skip42
\bibindent=\dimen102
)
\c@instfoot=\count87

(/usr/local/texlive/2007/texmf-dist/tex/latex/graphics/graphics.sty
Package: graphics 2006/02/20 v1.0o Standard LaTeX Graphics (DPC,SPQR)

(/usr/local/texlive/2007/texmf-dist/tex/latex/graphics/trig.sty
Package: trig 1999/03/16 v1.09 sin cos tan (DPC)
)
(/usr/local/texlive/2007/texmf/tex/latex/config/graphics.cfg
File: graphics.cfg 2007/01/18 v1.5 graphics configuration of teTeX/TeXLive
)
Package graphics Info: Driver file: pdftex.def on input line 90.

(/usr/local/texlive/2007/texmf-dist/tex/latex/pdftex-def/pdftex.def
File: pdftex.def 2007/01/08 v0.04d Graphics/color for pdfTeX
\Gread@gobject=\count88
)))
(/usr/local/texlive/2007/texmf-dist/tex/latex/graphics/epsfig.sty
Package: epsfig 1999/02/16 v1.7a (e)psfig emulation (SPQR)

(/usr/local/texlive/2007/texmf-dist/tex/latex/graphics/graphicx.sty
Package: graphicx 1999/02/16 v1.0f Enhanced LaTeX Graphics (DPC,SPQR)

(/usr/local/texlive/2007/texmf-dist/tex/latex/graphics/keyval.sty
Package: keyval 1999/03/16 v1.13 key=value parser (DPC)
\KV@toks@=\toks14
)
\Gin@req@height=\dimen103
\Gin@req@width=\dimen104
)
\epsfxsize=\dimen105
\epsfysize=\dimen106
)
(/usr/local/texlive/2007/texmf-dist/tex/latex/oberdiek/epstopdf.sty
Package: epstopdf 2006/08/26 v1.3 Conversion with epstopdf on the fly (HO)
)
(/usr/local/texlive/2007/texmf-dist/tex/latex/graphics/color.sty
Package: color 2005/11/14 v1.0j Standard LaTeX Color (DPC)

(/usr/local/texlive/2007/texmf/tex/latex/config/color.cfg
File: color.cfg 2007/01/18 v1.5 color configuration of teTeX/TeXLive
)
Package color Info: Driver file: pdftex.def on input line 130.
)
(/usr/local/texlive/2007/texmf-dist/tex/latex/multirow/multirow.sty
\bigstrutjot=\dimen107
)
(/usr/local/texlive/2007/texmf-dist/tex/latex/amsmath/amsmath.sty
Package: amsmath 2000/07/18 v2.13 AMS math features
\@mathmargin=\skip43

For additional information on amsmath, use the `?' option.
(/usr/local/texlive/2007/texmf-dist/tex/latex/amsmath/amstext.sty
Package: amstext 2000/06/29 v2.01

(/usr/local/texlive/2007/texmf-dist/tex/latex/amsmath/amsgen.sty
File: amsgen.sty 1999/11/30 v2.0
\@emptytoks=\toks15
\ex@=\dimen108
))
(/usr/local/texlive/2007/texmf-dist/tex/latex/amsmath/amsbsy.sty
Package: amsbsy 1999/11/29 v1.2d
\pmbraise@=\dimen109
)
(/usr/local/texlive/2007/texmf-dist/tex/latex/amsmath/amsopn.sty
Package: amsopn 1999/12/14 v2.01 operator names
)
\inf@bad=\count89
LaTeX Info: Redefining \frac on input line 211.
\uproot@=\count90
\leftroot@=\count91
LaTeX Info: Redefining \overline on input line 307.
\classnum@=\count92
\DOTSCASE@=\count93
LaTeX Info: Redefining \ldots on input line 379.
LaTeX Info: Redefining \dots on input line 382.
LaTeX Info: Redefining \cdots on input line 467.
\Mathstrutbox@=\box26
\strutbox@=\box27
\big@size=\dimen110
LaTeX Font Info:    Redeclaring font encoding OML on input line 567.
LaTeX Font Info:    Redeclaring font encoding OMS on input line 568.
\macc@depth=\count94
\c@MaxMatrixCols=\count95
\dotsspace@=\muskip10
\c@parentequation=\count96
\dspbrk@lvl=\count97
\tag@help=\toks16
\row@=\count98
\column@=\count99
\maxfields@=\count100
\andhelp@=\toks17
\eqnshift@=\dimen111
\alignsep@=\dimen112
\tagshift@=\dimen113
\tagwidth@=\dimen114
\totwidth@=\dimen115
\lineht@=\dimen116
\@envbody=\toks18
\multlinegap=\skip44
\multlinetaggap=\skip45
\mathdisplay@stack=\toks19
LaTeX Info: Redefining \[ on input line 2666.
LaTeX Info: Redefining \] on input line 2667.
)
(/usr/local/texlive/2007/texmf-dist/tex/latex/amsfonts/amssymb.sty
Package: amssymb 2002/01/22 v2.2d

(/usr/local/texlive/2007/texmf-dist/tex/latex/amsfonts/amsfonts.sty
Package: amsfonts 2001/10/25 v2.2f
\symAMSa=\mathgroup4
\symAMSb=\mathgroup5
LaTeX Font Info:    Overwriting math alphabet `\mathfrak' in version `bold'
(Font)                  U/euf/m/n --> U/euf/b/n on input line 132.
))
(/usr/local/texlive/2007/texmf-dist/tex/latex/base/shortvrb.sty
Package: shortvrb 2006/02/02 v2.1d Standard LaTeX documentation package (FMi)
)
(/usr/local/texlive/2007/texmf-dist/tex/latex/rotating/rotating.sty
Package: rotating 1997/09/26, v2.13 Rotation package

(/usr/local/texlive/2007/texmf-dist/tex/latex/base/ifthen.sty
Package: ifthen 2001/05/26 v1.1c Standard LaTeX ifthen package (DPC)
)
\c@r@tfl@t=\count101
\rot@float@box=\box28
)
(/usr/local/texlive/2007/texmf-dist/tex/latex/subfigure/subfigure.sty
Package: subfigure 2002/03/15 v2.1.5 subfigure package
\subfigtopskip=\skip46
\subfigcapskip=\skip47
\subfigcaptopadj=\dimen117
\subfigbottomskip=\skip48
\subfigcapmargin=\dimen118
\subfiglabelskip=\skip49
\c@subfigure=\count102
\c@lofdepth=\count103
\c@subtable=\count104
\c@lotdepth=\count105

****************************************
* Local config file subfigure.cfg used *
****************************************
(/usr/local/texlive/2007/texmf-dist/tex/latex/subfigure/subfigure.cfg)
\subfig@top=\skip50
\subfig@bottom=\skip51
)
(./PFJetCompositionAndCalibration.aux)
\openout1 = `PFJetCompositionAndCalibration.aux'.

LaTeX Font Info:    Checking defaults for OML/cmm/m/it on input line 176.
LaTeX Font Info:    ... okay on input line 176.
LaTeX Font Info:    Checking defaults for T1/cmr/m/n on input line 176.
LaTeX Font Info:    ... okay on input line 176.
LaTeX Font Info:    Checking defaults for OT1/cmr/m/n on input line 176.
LaTeX Font Info:    ... okay on input line 176.
LaTeX Font Info:    Checking defaults for OMS/cmsy/m/n on input line 176.
LaTeX Font Info:    ... okay on input line 176.
LaTeX Font Info:    Checking defaults for OMX/cmex/m/n on input line 176.
LaTeX Font Info:    ... okay on input line 176.
LaTeX Font Info:    Checking defaults for U/cmr/m/n on input line 176.
LaTeX Font Info:    ... okay on input line 176.
LaTeX Font Info:    Try loading font information for OT1+ptm on input line 176.


(/usr/local/texlive/2007/texmf-dist/tex/latex/psnfss/ot1ptm.fd
File: ot1ptm.fd 2001/06/04 font definitions for OT1/ptm.
)
(/usr/local/texlive/2007/texmf-dist/tex/context/base/supp-pdf.tex
[Loading MPS to PDF converter (version 2006.09.02).]
\scratchcounter=\count106
\scratchdimen=\dimen119
\scratchbox=\box29
\nofMPsegments=\count107
\nofMParguments=\count108
\MPscratchCnt=\count109
\MPscratchDim=\dimen120
\MPnumerator=\count110
\everyMPtoPDFconversion=\toks20
)
LaTeX Font Info:    Font shape `OT1/ptm/bx/n' in size <14.4> not available
(Font)              Font shape `OT1/ptm/b/n' tried instead on input line 185.
 <cms_an.pdf, id=1, 447.6725pt x 91.34125pt>
File: cms_an.pdf Graphic file (type pdf)
 <use cms_an.pdf>
LaTeX Font Info:    Font shape `OT1/ptm/bx/n' in size <10> not available
(Font)              Font shape `OT1/ptm/b/n' tried instead on input line 186.
LaTeX Font Info:    Try loading font information for OT1+phv on input line 189.


(/usr/local/texlive/2007/texmf-dist/tex/latex/psnfss/ot1phv.fd
File: ot1phv.fd 2001/06/04 scalable font definitions for OT1/phv.
) [1


{/usr/local/texlive/2007/texmf-var/fonts/map/pdftex/updmap/pdftex.map} <./cms_a
n.pdf>]
LaTeX Font Info:    Try loading font information for U+msa on input line 231.

(/usr/local/texlive/2007/texmf-dist/tex/latex/amsfonts/umsa.fd
File: umsa.fd 2002/01/19 v2.2g AMS font definitions
)
LaTeX Font Info:    Try loading font information for U+msb on input line 231.

(/usr/local/texlive/2007/texmf-dist/tex/latex/amsfonts/umsb.fd
File: umsb.fd 2002/01/19 v2.2g AMS font definitions
)
(./PFJetCompositionAndCalibration.toc)
\tf@toc=\write3
\openout3 = `PFJetCompositionAndCalibration.toc'.

 [1]
LaTeX Font Info:    Try loading font information for OMS+ptm on input line 242.


(/usr/local/texlive/2007/texmf-dist/tex/latex/psnfss/omsptm.fd
File: omsptm.fd 
)
LaTeX Font Info:    Font shape `OMS/ptm/m/n' in size <10> not available
(Font)              Font shape `OMS/cmsy/m/n' tried instead on input line 242.
LaTeX Font Info:    Try loading font information for OT1+pcr on input line 290.


(/usr/local/texlive/2007/texmf-dist/tex/latex/psnfss/ot1pcr.fd
File: ot1pcr.fd 2001/06/04 font definitions for OT1/pcr.
)

LaTeX Font Warning: Command \small invalid in math mode on input line 327.


LaTeX Font Warning: Command \small invalid in math mode on input line 327.


LaTeX Font Warning: Command \small invalid in math mode on input line 329.


LaTeX Font Warning: Command \small invalid in math mode on input line 329.

[2]

LaTeX Font Warning: Command \small invalid in math mode on input line 336.

[3] <stack_R_vs_eta.pdf, id=47, 798.985pt x 574.145pt>
File: stack_R_vs_eta.pdf Graphic file (type pdf)

<use stack_R_vs_eta.pdf>
<genstack_R_vs_eta.pdf, id=48, 569.12625pt x 408.52625pt>
File: genstack_R_vs_eta.pdf Graphic file (type pdf)

<use genstack_R_vs_eta.pdf>

LaTeX Font Warning: Command \small invalid in math mode on input line 367.


LaTeX Font Warning: Command \small invalid in math mode on input line 367.

<genstackNH_vs_eta.pdf, id=49, 569.12625pt x 408.52625pt>
File: genstackNH_vs_eta.pdf Graphic file (type pdf)

<use genstackNH_vs_eta.pdf>
system(epstopdf mfp.eps)...executed.

 <mfp.pdf, id=50, 569.12625pt x 408.52625pt>
File: mfp.pdf Graphic file (type pdf)

<use mfp.pdf>

Package amsmath Warning: Foreign command \over;
(amsmath)                \frac or \genfrac should be used instead
(amsmath)                 on input line 384.

[4]

LaTeX Font Warning: Command \small invalid in math mode on input line 388.


LaTeX Font Warning: Command \small invalid in math mode on input line 388.


LaTeX Font Warning: Command \small invalid in math mode on input line 388.


LaTeX Font Warning: Command \small invalid in math mode on input line 411.

[5 <./stack_R_vs_eta.pdf> <./genstack_R_vs_eta.pdf> <./genstackNH_vs_eta.pdf> <
./mfp.pdf>]

LaTeX Font Warning: Command \small invalid in math mode on input line 414.

<Ech_resolution_50_80_PFItCone5.pdf, id=121, 569.12625pt x 408.52625pt>
File: Ech_resolution_50_80_PFItCone5.pdf Graphic file (type pdf)

<use Ech_resolution_50_80_PFItCone5.pdf>
<Egamma_resolution_50_80_PFItCone5.pdf, id=122, 569.12625pt x 408.52625pt>
File: Egamma_resolution_50_80_PFItCone5.pdf Graphic file (type pdf)

<use Egamma_resolution_50_80_PFItCone5.pdf>
<Enh_resolution_50_80_PFItCone5.pdf, id=123, 569.12625pt x 408.52625pt>
File: Enh_resolution_50_80_PFItCone5.pdf Graphic file (type pdf)

<use Enh_resolution_50_80_PFItCone5.pdf>
<Egammanh_resolution_50_80_PFItCone5.pdf, id=124, 569.12625pt x 408.52625pt>
File: Egammanh_resolution_50_80_PFItCone5.pdf Graphic file (type pdf)

<use Egammanh_resolution_50_80_PFItCone5.pdf>

LaTeX Font Warning: Command \small invalid in math mode on input line 431.


LaTeX Font Warning: Command \small invalid in math mode on input line 431.

<gr_Rch_response_vs_pt_MEAN_barrel.pdf, id=125, 569.12625pt x 408.52625pt>
File: gr_Rch_response_vs_pt_MEAN_barrel.pdf Graphic file (type pdf)

<use gr_Rch_response_vs_pt_MEAN_barrel.pdf>
<gr_Rch_resolution_vs_pt_RMS_barrel.pdf, id=126, 569.12625pt x 408.52625pt>
File: gr_Rch_resolution_vs_pt_RMS_barrel.pdf Graphic file (type pdf)

<use gr_Rch_resolution_vs_pt_RMS_barrel.pdf>
File: gr_Rch_response_vs_pt_MEAN_barrel.pdf Graphic file (type pdf)

<use gr_Rch_response_vs_pt_MEAN_barrel.pdf>
File: gr_Rch_resolution_vs_pt_RMS_barrel.pdf Graphic file (type pdf)

<use gr_Rch_resolution_vs_pt_RMS_barrel.pdf>
<PFvsGen_Rch_barrel.png, id=127, 798.985pt x 574.145pt>
File: PFvsGen_Rch_barrel.png Graphic file (type png)

<use PFvsGen_Rch_barrel.png>
<Rch_barrel_projection_3.pdf, id=128, 798.985pt x 574.145pt>
File: Rch_barrel_projection_3.pdf Graphic file (type pdf)

<use Rch_barrel_projection_3.pdf> [6] [7 <./Ech_resolution_50_80_PFItCone5.pdf>
 <./Egamma_resolution_50_80_PFItCone5.pdf> <./Enh_resolution_50_80_PFItCone5.pd
f> <./Egammanh_resolution_50_80_PFItCone5.pdf> <./gr_Rch_response_vs_pt_MEAN_ba
rrel.pdf> <./gr_Rch_resolution_vs_pt_RMS_barrel.pdf>]

LaTeX Font Warning: Command \small invalid in math mode on input line 488.


LaTeX Font Warning: Command \small invalid in math mode on input line 488.

[8 <./PFvsGen_Rch_barrel.png (PNG copy)> <./Rch_barrel_projection_3.pdf>]
<fits_barrel.pdf, id=270, 569.12625pt x 408.52625pt>
File: fits_barrel.pdf Graphic file (type pdf)
 <use fits_barrel.pdf>
<fits_endcap.pdf, id=271, 569.12625pt x 408.52625pt>
File: fits_endcap.pdf Graphic file (type pdf)
 <use fits_endcap.pdf>
<fits_genbarrel.pdf, id=272, 569.12625pt x 408.52625pt>
File: fits_genbarrel.pdf Graphic file (type pdf)

<use fits_genbarrel.pdf>
<fits_genendcap.pdf, id=273, 569.12625pt x 408.52625pt>
File: fits_genendcap.pdf Graphic file (type pdf)

<use fits_genendcap.pdf>

LaTeX Font Warning: Command \small invalid in math mode on input line 503.


LaTeX Font Warning: Command \small invalid in math mode on input line 503.

<gr_Rch_response_vs_pt_MEAN_eta0_3.pdf, id=274, 569.12625pt x 408.52625pt>
File: gr_Rch_response_vs_pt_MEAN_eta0_3.pdf Graphic file (type pdf)

<use gr_Rch_response_vs_pt_MEAN_eta0_3.pdf>
<response_vs_eta.pdf, id=275, 569.12625pt x 408.52625pt>
File: response_vs_eta.pdf Graphic file (type pdf)

<use response_vs_eta.pdf>
<gr_Rch_resolution_vs_pt_FIT_barrel.pdf, id=276, 569.12625pt x 408.52625pt>
File: gr_Rch_resolution_vs_pt_FIT_barrel.pdf Graphic file (type pdf)

<use gr_Rch_resolution_vs_pt_FIT_barrel.pdf>
<gr_Rch_resolution_vs_pt_FIT_endcap.pdf, id=277, 569.12625pt x 408.52625pt>
File: gr_Rch_resolution_vs_pt_FIT_endcap.pdf Graphic file (type pdf)

<use gr_Rch_resolution_vs_pt_FIT_endcap.pdf>
File: gr_Rch_resolution_vs_pt_RMS_barrel.pdf Graphic file (type pdf)

<use gr_Rch_resolution_vs_pt_RMS_barrel.pdf>
<gr_Rch_resolution_vs_pt_RMS_endcap.pdf, id=278, 569.12625pt x 408.52625pt>
File: gr_Rch_resolution_vs_pt_RMS_endcap.pdf Graphic file (type pdf)

<use gr_Rch_resolution_vs_pt_RMS_endcap.pdf> [9 <./fits_barrel.pdf> <./fits_end
cap.pdf> <./fits_genbarrel.pdf> <./fits_genendcap.pdf>]
LaTeX Font Info:    Font shape `OT1/ptm/bx/n' in size <12> not available
(Font)              Font shape `OT1/ptm/b/n' tried instead on input line 547.
 [10 <./gr_Rch_response_vs_pt_MEAN_eta0_3.pdf> <./response_vs_eta.pdf> <./gr_Rc
h_resolution_vs_pt_FIT_barrel.pdf> <./gr_Rch_resolution_vs_pt_FIT_endcap.pdf>] 
[11 <./gr_Rch_resolution_vs_pt_RMS_endcap.pdf>] (./PFJetCompositionAndCalibrati
on.aux)

LaTeX Warning: Label(s) may have changed. Rerun to get cross-references right.

 ) 
Here is how much of TeX's memory you used:
 2574 strings out of 94073
 33359 string characters out of 1162984
 86488 words of memory out of 1500000
 5795 multiletter control sequences out of 10000+50000
 21058 words of font info for 44 fonts, out of 1200000 for 2000
 645 hyphenation exceptions out of 8191
 30i,11n,24p,1192b,291s stack positions out of 5000i,500n,6000p,200000b,5000s
{/usr/local/texlive/2007/texmf-dist/fonts/enc/dvips/base/8r.enc}</usr/local/t
exlive/2007/texmf-dist/fonts/type1/bluesky/cm/cmex10.pfb></usr/local/texlive/20
07/texmf-dist/fonts/type1/bluesky/cm/cmmi10.pfb></usr/local/texlive/2007/texmf-
dist/fonts/type1/bluesky/cm/cmmi7.pfb></usr/local/texlive/2007/texmf-dist/fonts
/type1/bluesky/cm/cmr10.pfb></usr/local/texlive/2007/texmf-dist/fonts/type1/blu
esky/cm/cmr7.pfb></usr/local/texlive/2007/texmf-dist/fonts/type1/bluesky/cm/cms
y10.pfb></usr/local/texlive/2007/texmf-dist/fonts/type1/bluesky/cm/cmsy7.pfb></
usr/local/texlive/2007/texmf-dist/fonts/type1/bluesky/ams/msam10.pfb></usr/loca
l/texlive/2007/texmf-dist/fonts/type1/urw/courier/ucrr8a.pfb></usr/local/texliv
e/2007/texmf-dist/fonts/type1/urw/helvetic/uhvr8a.pfb></usr/local/texlive/2007/
texmf-dist/fonts/type1/urw/times/utmb8a.pfb></usr/local/texlive/2007/texmf-dist
/fonts/type1/urw/times/utmr8a.pfb></usr/local/texlive/2007/texmf-dist/fonts/typ
e1/urw/times/utmri8a.pfb>
Output written on PFJetCompositionAndCalibration.pdf (12 pages, 584093 bytes).
PDF statistics:
 532 PDF objects out of 1000 (max. 8388607)
 0 named destinations out of 1000 (max. 131072)
 111 words of extra memory for PDF output out of 10000 (max. 10000000)

